T73F4 11604:401.398   SEGGER J-Link V7.52a Log File
T73F4 11604:401.500   DLL Compiled: Jul 28 2021 11:08:12
T73F4 11604:401.543   Logging started @ 2023-04-26 16:41
T73F4 11604:401.583 - 4908.330ms
T73F4 11604:405.953 JLINK_ExecCommand("Device = AT91SAM4N16B", ...). 
T73F4 11604:406.403   Device "ATSAM4N16B" selected.
T73F4 11604:406.977 - 1.007ms returns 0x00
T73F4 11604:421.689 JLINK_TIF_Select(JLINKARM_TIF_SWD)
T73F4 11604:423.182 - 1.518ms returns 0x00
T73F4 11604:423.232 JLINK_SetSpeed(4000)
T73F4 11604:423.557 - 0.348ms
T73F4 11604:423.605 JLINK_ResetPullsRESET(OFF)
T73F4 11604:423.646 - 0.061ms
T73F4 11604:423.688 JLINK_Connect()
T73F4 11604:425.350   Found SW-DP with ID 0x2BA01477
T73F4 11604:433.707   Old FW that does not support reading DPIDR via DAP jobs
T73F4 11604:440.727   DPv0 detected
T73F4 11604:440.769   Scanning AP map to find all available APs
T73F4 11604:445.470   AP[1]: Stopped AP scan as end of AP map has been reached
T73F4 11604:445.512   AP[0]: AHB-AP (IDR: 0x24770011)
T73F4 11604:445.542   Iterating through AP map to find AHB-AP to use
T73F4 11604:453.088   AP[0]: Core found
T73F4 11604:453.129   AP[0]: AHB-AP ROM base: 0xE00FF000
T73F4 11604:456.961   CPUID register: 0x410FC241. Implementer code: 0x41 (ARM)
T73F4 11604:457.006   Found Cortex-M4 r0p1, Little endian.
T73F4 11604:558.884   -- Max. mem block: 0x000023F8
T73F4 11604:559.340   CPU_ReadMem(4 bytes @ 0xE000EDF0)
T73F4 11604:560.105   CPU_ReadMem(4 bytes @ 0xE0002000)
T73F4 11604:560.888   FPUnit: 6 code (BP) slots and 2 literal slots
T73F4 11604:560.940   CPU_ReadMem(4 bytes @ 0xE000EDFC)
T73F4 11604:561.607   CPU_ReadMem(4 bytes @ 0xE0001000)
T73F4 11604:562.407   CPU_WriteMem(4 bytes @ 0xE0001000)
T73F4 11604:563.106   CPU_ReadMem(4 bytes @ 0xE000ED88)
T73F4 11604:563.738   CPU_WriteMem(4 bytes @ 0xE000ED88)
T73F4 11604:564.340   CPU_ReadMem(4 bytes @ 0xE000ED88)
T73F4 11604:565.091   CPU_WriteMem(4 bytes @ 0xE000ED88)
T73F4 11604:565.738   CoreSight components:
T73F4 11604:565.776   ROMTbl[0] @ E00FF000
T73F4 11604:565.798   CPU_ReadMem(64 bytes @ 0xE00FF000)
T73F4 11604:566.840   CPU_ReadMem(32 bytes @ 0xE000EFE0)
T73F4 11604:567.734   ROMTbl[0][0]: E000E000, CID: B105E00D, PID: 000BB000 SCS
T73F4 11604:567.759   CPU_ReadMem(32 bytes @ 0xE0001FE0)
T73F4 11604:568.607   ROMTbl[0][1]: E0001000, CID: B105E00D, PID: 003BB002 DWT
T73F4 11604:568.633   CPU_ReadMem(32 bytes @ 0xE0002FE0)
T73F4 11604:569.477   ROMTbl[0][2]: E0002000, CID: B105E00D, PID: 002BB003 FPB
T73F4 11604:569.517   CPU_ReadMem(32 bytes @ 0xE0000FE0)
T73F4 11604:570.363   ROMTbl[0][3]: E0000000, CID: B105E00D, PID: 003BB001 ITM
T73F4 11604:570.391   CPU_ReadMem(32 bytes @ 0xE0040FE0)
T73F4 11604:571.237   ROMTbl[0][4]: E0040000, CID: B105900D, PID: 000BB9A1 TPIU
T73F4 11604:571.269 - 147.589ms returns 0x00
T73F4 11604:571.344 JLINK_Halt()
T73F4 11604:573.952 - 2.619ms returns 0x00
T73F4 11604:574.081 JLINK_BeginDownload(Flags = 0x00000000)
T73F4 11604:574.097 - 0.021ms
T73F4 11604:574.137 JLINK_WriteMem(0x400E0A04, 0x4 Bytes, ...)
T73F4 11604:574.151   Data:  0C 01 00 5A
T73F4 11604:574.548   CPU_WriteMem(4 bytes @ 0x400E0A04)
T73F4 11604:575.204 - 1.079ms returns 0x4
T73F4 11604:575.270 JLINK_EndDownload()
T73F4 11604:575.286 - 0.023ms returns 0 (0x0)
T73F4 11604:575.301 JLINK_ReadMemHW(0x400E0A08, 0x0004 Bytes, ...)
T73F4 11604:575.318   CPU_ReadMem(4 bytes @ 0x400E0A08)
T73F4 11604:575.823   Data:  00 00 07 00
T73F4 11604:575.849 - 0.555ms returns 0
T73F4 11604:577.901 JLINK_ReadMemHW(0x400E0A08, 0x0004 Bytes, ...)
T73F4 11604:577.924   CPU_ReadMem(4 bytes @ 0x400E0A08)
T73F4 11604:578.514   Data:  01 00 00 00
T73F4 11604:578.539 - 0.646ms returns 0
T73F4 11604:578.600 JLINK_SetResetType(JLINKARM_CM3_RESET_TYPE_NORMAL)
T73F4 11604:578.615 - 0.021ms returns JLINKARM_CM3_RESET_TYPE_NORMAL
T73F4 11604:578.630 JLINK_Reset()
T73F4 11604:579.244   CPU_ReadMem(16 bytes @ 0x20000000)
T73F4 11604:579.960   CPU_WriteMem(16 bytes @ 0x20000000)
T73F4 11604:580.743   CPU_ReadMem(4 bytes @ 0xE000EDFC)
T73F4 11604:581.357   CPU_WriteMem(4 bytes @ 0xE000EDFC)
T73F4 11604:582.079   CPU_ReadMem(4 bytes @ 0xE0001000)
T73F4 11604:597.883   CPU_WriteMem(4 bytes @ 0xE000EDFC)
T73F4 11604:598.621   CPU_WriteMem(16 bytes @ 0x20000000)
T73F4 11604:602.365   CPU_WriteMem(4 bytes @ 0xE0002000)
T73F4 11604:603.091   CPU_ReadMem(4 bytes @ 0xE000EDFC)
T73F4 11604:603.714   CPU_ReadMem(4 bytes @ 0xE0001000)
T73F4 11604:604.340 - 25.720ms
T73F4 11604:605.424 JLINK_JTAG_GetDeviceID(DeviceIndex = 0)
T73F4 11604:605.443 - 0.025ms returns 0
T73F4 11604:605.458 JLINK_ReadMemU32(0x400E0740, 0x1 Items)
T73F4 11604:605.481   CPU_ReadMem(4 bytes @ 0x400E0740)
T73F4 11604:606.088   Data:  E0 0C 46 29
T73F4 11604:606.113 - 0.663ms returns 1 (0x1)
T73F4 11604:606.163 JLINK_ReadMemU32(0x400E0744, 0x1 Items)
T73F4 11604:606.183   CPU_ReadMem(4 bytes @ 0x400E0744)
T73F4 11604:606.712   Data:  00 00 00 00
T73F4 11604:606.737 - 0.581ms returns 1 (0x1)
T73F4 11604:606.836 JLINK_BeginDownload(Flags = 0x00000000)
T73F4 11604:606.851 - 0.038ms
T73F4 11604:606.957 JLINK_WriteMem(0x400E0A04, 0x4 Bytes, ...)
T73F4 11604:606.972   Data:  05 00 00 5A
T73F4 11604:606.998   CPU_WriteMem(4 bytes @ 0x400E0A04)
T73F4 11604:607.577 - 0.633ms returns 0x4
T73F4 11604:607.637 JLINK_EndDownload()
T73F4 11604:607.653 - 0.022ms returns 0 (0x0)
T73F4 11604:607.668 JLINK_ReadMemHW(0x400E0A08, 0x0004 Bytes, ...)
T73F4 11604:607.693   CPU_ReadMem(4 bytes @ 0x400E0A08)
T73F4 11604:608.314   Data:  00 00 00 00
T73F4 11604:608.343 - 0.681ms returns 0
T73F4 11604:608.902 JLINK_ReadMemHW(0x400E0A08, 0x0004 Bytes, ...)
T73F4 11604:608.930   CPU_ReadMem(4 bytes @ 0x400E0A08)
T73F4 11604:609.591   Data:  00 00 00 00
T73F4 11604:609.617 - 0.723ms returns 0
T73F4 11604:613.892 JLINK_ReadMemHW(0x400E0A08, 0x0004 Bytes, ...)
T73F4 11604:613.928   CPU_ReadMem(4 bytes @ 0x400E0A08)
T73F4 11604:614.590   Data:  00 00 00 00
T73F4 11604:614.615 - 0.730ms returns 0
T4FE8 11604:615.007 JLINK_IsHalted()
T4FE8 11604:615.131 - 0.149ms returns TRUE
T4FE8 11604:615.150 JLINK_GetMOEs(...)
T4FE8 11604:615.247   CPU_ReadMem(4 bytes @ 0xE000ED30)
T4FE8 11604:615.837 - 0.714ms returns 0x01
T4FE8 11604:615.880 JLINK_ReadReg(R15 (PC))
T4FE8 11604:615.896 - 0.023ms returns 0x0080004C
T73F4 11604:630.921 JLINK_ReadMemHW(0x400E0A08, 0x0004 Bytes, ...)
T73F4 11604:630.974   CPU_ReadMem(4 bytes @ 0x400E0A08)
T73F4 11604:631.588   Data:  00 00 00 00
T73F4 11604:631.610 - 0.695ms returns 0
T73F4 11604:695.828 JLINK_ReadMemHW(0x400E0A08, 0x0004 Bytes, ...)
T73F4 11604:695.874   CPU_ReadMem(4 bytes @ 0x400E0A08)
T73F4 11604:696.439   Data:  00 00 00 00
T73F4 11604:696.486 - 0.665ms returns 0
T4FE8 11604:816.784 JLINK_IsHalted()
T4FE8 11604:816.825 - 0.050ms returns TRUE
T73F4 11604:952.668 JLINK_ReadMemHW(0x400E0A08, 0x0004 Bytes, ...)
T73F4 11604:952.737   CPU_ReadMem(4 bytes @ 0x400E0A08)
T73F4 11604:953.495   Data:  00 00 00 00
T73F4 11604:953.536 - 0.876ms returns 0
T4FE8 11605:017.683 JLINK_IsHalted()
T4FE8 11605:017.728 - 0.063ms returns TRUE
T4FE8 11605:218.521 JLINK_IsHalted()
T4FE8 11605:219.219 - 0.715ms returns TRUE
T4FE8 11605:420.386 JLINK_IsHalted()
T4FE8 11605:420.428 - 0.056ms returns TRUE
T4FE8 11605:621.311 JLINK_IsHalted()
T4FE8 11605:621.405 - 0.109ms returns TRUE
T4FE8 11605:822.062 JLINK_IsHalted()
T4FE8 11605:823.043 - 1.014ms returns TRUE
T73F4 11605:953.206 JLINK_ReadMemHW(0x400E0A08, 0x0004 Bytes, ...)
T73F4 11605:953.254   CPU_ReadMem(4 bytes @ 0x400E0A08)
T73F4 11605:953.876   Data:  00 00 00 00
T73F4 11605:953.907 - 0.709ms returns 0
T73F4 11605:954.024 JLINK_ReadMemHW(0x400E0A08, 0x0004 Bytes, ...)
T73F4 11605:954.045   CPU_ReadMem(4 bytes @ 0x400E0A08)
T73F4 11605:954.624   Data:  00 00 00 00
T73F4 11605:954.654 - 0.637ms returns 0
T73F4 11605:955.154 JLINK_ReadMemHW(0x400E0A08, 0x0004 Bytes, ...)
T73F4 11605:955.186   CPU_ReadMem(4 bytes @ 0x400E0A08)
T73F4 11605:955.837   Data:  00 00 00 00
T73F4 11605:955.868 - 0.721ms returns 0
T73F4 11605:960.178 JLINK_ReadMemHW(0x400E0A08, 0x0004 Bytes, ...)
T73F4 11605:960.207   CPU_ReadMem(4 bytes @ 0x400E0A08)
T73F4 11605:960.821   Data:  00 00 00 00
T73F4 11605:960.851 - 0.680ms returns 0
T73F4 11605:976.240 JLINK_ReadMemHW(0x400E0A08, 0x0004 Bytes, ...)
T73F4 11605:976.268   CPU_ReadMem(4 bytes @ 0x400E0A08)
T73F4 11605:977.158   Data:  00 00 00 00
T73F4 11605:977.189 - 0.959ms returns 0
T4FE8 11606:023.276 JLINK_IsHalted()
T4FE8 11606:023.332 - 0.071ms returns TRUE
T73F4 11606:041.486 JLINK_ReadMemHW(0x400E0A08, 0x0004 Bytes, ...)
T73F4 11606:041.539   CPU_ReadMem(4 bytes @ 0x400E0A08)
T73F4 11606:042.379   Data:  00 00 00 00
T73F4 11606:042.415 - 0.972ms returns 0
T4FE8 11606:224.159 JLINK_IsHalted()
T4FE8 11606:224.245 - 0.094ms returns TRUE
T73F4 11606:298.373 JLINK_ReadMemHW(0x400E0A08, 0x0004 Bytes, ...)
T73F4 11606:298.454   CPU_ReadMem(4 bytes @ 0x400E0A08)
T73F4 11606:299.249   Data:  00 00 00 00
T73F4 11606:299.275 - 0.909ms returns 0
T4FE8 11606:424.816 JLINK_IsHalted()
T4FE8 11606:425.739 - 0.964ms returns TRUE
T4FE8 11606:626.415 JLINK_IsHalted()
T4FE8 11606:626.979 - 0.616ms returns TRUE
T4FE8 11606:826.868 JLINK_IsHalted()
T4FE8 11606:826.929 - 0.075ms returns TRUE
T4FE8 11607:027.574 JLINK_IsHalted()
T4FE8 11607:028.517 - 0.983ms returns TRUE
T4FE8 11607:229.042 JLINK_IsHalted()
T4FE8 11607:229.105 - 0.076ms returns TRUE
T73F4 11607:298.443 JLINK_ReadMemHW(0x400E0A08, 0x0004 Bytes, ...)
T73F4 11607:298.523   CPU_ReadMem(4 bytes @ 0x400E0A08)
T73F4 11607:299.428   Data:  00 00 00 00
T73F4 11607:299.491 - 1.062ms returns 0
T73F4 11607:299.677 JLINK_ReadMemHW(0x400E0A08, 0x0004 Bytes, ...)
T73F4 11607:299.718   CPU_ReadMem(4 bytes @ 0x400E0A08)
T73F4 11607:300.661   Data:  00 00 00 00
T73F4 11607:300.722 - 1.059ms returns 0
T73F4 11607:301.434 JLINK_ReadMemHW(0x400E0A08, 0x0004 Bytes, ...)
T73F4 11607:301.494   CPU_ReadMem(4 bytes @ 0x400E0A08)
T73F4 11607:302.478   Data:  00 00 00 00
T73F4 11607:302.543 - 1.122ms returns 0
T73F4 11607:307.421 JLINK_ReadMemHW(0x400E0A08, 0x0004 Bytes, ...)
T73F4 11607:307.481   CPU_ReadMem(4 bytes @ 0x400E0A08)
T73F4 11607:308.421   Data:  00 00 00 00
T73F4 11607:308.482 - 1.075ms returns 0
T73F4 11607:324.420 JLINK_ReadMemHW(0x400E0A08, 0x0004 Bytes, ...)
T73F4 11607:324.484   CPU_ReadMem(4 bytes @ 0x400E0A08)
T73F4 11607:325.420   Data:  00 00 00 00
T73F4 11607:325.481 - 1.074ms returns 0
T73F4 11607:389.651 JLINK_ReadMemHW(0x400E0A08, 0x0004 Bytes, ...)
T73F4 11607:389.709   CPU_ReadMem(4 bytes @ 0x400E0A08)
T73F4 11607:390.432   Data:  00 00 00 00
T73F4 11607:390.465 - 0.822ms returns 0
T4FE8 11607:429.658 JLINK_IsHalted()
T4FE8 11607:429.704 - 0.055ms returns TRUE
T4FE8 11607:630.476 JLINK_IsHalted()
T4FE8 11607:631.353 - 0.900ms returns TRUE
T73F4 11607:646.467 JLINK_ReadMemHW(0x400E0A08, 0x0004 Bytes, ...)
T73F4 11607:646.527   CPU_ReadMem(4 bytes @ 0x400E0A08)
T73F4 11607:647.341   Data:  00 00 00 00
T73F4 11607:647.404 - 0.950ms returns 0
T4FE8 11607:830.837 JLINK_IsHalted()
T4FE8 11607:830.896 - 0.072ms returns TRUE
T4FE8 11608:031.651 JLINK_IsHalted()
T4FE8 11608:031.692 - 0.048ms returns TRUE
T4FE8 11608:232.575 JLINK_IsHalted()
T4FE8 11608:233.525 - 0.987ms returns TRUE
T4FE8 11608:433.918 JLINK_IsHalted()
T4FE8 11608:434.013 - 0.104ms returns TRUE
T4FE8 11608:634.922 JLINK_IsHalted()
T4FE8 11608:634.988 - 0.080ms returns TRUE
T73F4 11608:647.791 JLINK_ReadMemHW(0x400E0A08, 0x0004 Bytes, ...)
T73F4 11608:647.866   CPU_ReadMem(4 bytes @ 0x400E0A08)
T73F4 11608:648.738   Data:  00 00 00 00
T73F4 11608:648.788 - 1.010ms returns 0
T73F4 11608:648.970 JLINK_ReadMemHW(0x400E0A08, 0x0004 Bytes, ...)
T73F4 11608:649.012   CPU_ReadMem(4 bytes @ 0x400E0A08)
T73F4 11608:649.844   Data:  00 00 00 00
T73F4 11608:649.898 - 0.941ms returns 0
T73F4 11608:651.831 JLINK_ReadMemHW(0x400E0A08, 0x0004 Bytes, ...)
T73F4 11608:651.937   CPU_ReadMem(4 bytes @ 0x400E0A08)
T73F4 11608:652.908   Data:  00 00 00 00
T73F4 11608:652.969 - 1.151ms returns 0
T73F4 11608:656.840 JLINK_ReadMemHW(0x400E0A08, 0x0004 Bytes, ...)
T73F4 11608:656.897   CPU_ReadMem(4 bytes @ 0x400E0A08)
T73F4 11608:657.780   Data:  00 00 00 00
T73F4 11608:657.840 - 1.014ms returns 0
T73F4 11608:674.041 JLINK_ReadMemHW(0x400E0A08, 0x0004 Bytes, ...)
T73F4 11608:674.105   CPU_ReadMem(4 bytes @ 0x400E0A08)
T73F4 11608:675.187   Data:  00 00 00 00
T73F4 11608:675.239 - 1.212ms returns 0
T73F4 11608:739.281 JLINK_ReadMemHW(0x400E0A08, 0x0004 Bytes, ...)
T73F4 11608:739.355   CPU_ReadMem(4 bytes @ 0x400E0A08)
T73F4 11608:740.365   Data:  00 00 00 00
T73F4 11608:740.427 - 1.160ms returns 0
T4FE8 11608:835.462 JLINK_IsHalted()
T4FE8 11608:836.409 - 0.979ms returns TRUE
T73F4 11608:996.348 JLINK_ReadMemHW(0x400E0A08, 0x0004 Bytes, ...)
T73F4 11608:996.429   CPU_ReadMem(4 bytes @ 0x400E0A08)
T73F4 11608:997.478   Data:  00 00 00 00
T73F4 11608:997.537 - 1.202ms returns 0
T4FE8 11609:037.314 JLINK_IsHalted()
T4FE8 11609:037.377 - 0.077ms returns TRUE
T4FE8 11609:238.164 JLINK_IsHalted()
T4FE8 11609:238.226 - 0.075ms returns TRUE
T4FE8 11609:438.639 JLINK_IsHalted()
T4FE8 11609:439.492 - 0.885ms returns TRUE
T4FE8 11609:639.689 JLINK_IsHalted()
T4FE8 11609:639.753 - 0.079ms returns TRUE
T4FE8 11609:840.654 JLINK_IsHalted()
T4FE8 11609:840.697 - 0.052ms returns TRUE
T73F4 11609:998.373 JLINK_ReadMemHW(0x400E0A08, 0x0004 Bytes, ...)
T73F4 11609:998.444   CPU_ReadMem(4 bytes @ 0x400E0A08)
T73F4 11609:999.559   Data:  01 00 00 00
T73F4 11609:999.622 - 1.263ms returns 0
T4FE8 11610:040.810 JLINK_IsHalted()
T4FE8 11610:041.737 - 0.963ms returns TRUE
T73F4 11610:044.129 JLINK_ResetPullsRESET(ON)
T73F4 11610:044.167 - 0.052ms
T73F4 11610:044.199 JLINK_ResetNoHalt()
T73F4 11610:047.034   Found SW-DP with ID 0x2BA01477
T73F4 11610:057.965   Old FW that does not support reading DPIDR via DAP jobs
T73F4 11610:068.040   DPv0 detected
T73F4 11610:068.120   AP map detection skipped. Manually configured AP map found.
T73F4 11610:068.183   AP[0]: AHB-AP (IDR: Not set)
T73F4 11610:078.240   AP[0]: Core found
T73F4 11610:078.313   AP[0]: AHB-AP ROM base: 0xE00FF000
T73F4 11610:084.266   CPUID register: 0x410FC241. Implementer code: 0x41 (ARM)
T73F4 11610:084.343   Found Cortex-M4 r0p1, Little endian.
T73F4 11610:185.399   -- Max. mem block: 0x000023E8
T73F4 11610:185.483   CPU_ReadMem(4 bytes @ 0xE000EDF0)
T73F4 11610:186.383   CPU_ReadMem(4 bytes @ 0xE0002000)
T73F4 11610:187.306   FPUnit: 6 code (BP) slots and 2 literal slots
T73F4 11610:187.408   CPU_ReadMem(4 bytes @ 0xE000EDFC)
T73F4 11610:188.258   CPU_ReadMem(4 bytes @ 0xE0001000)
T73F4 11610:189.097   CPU_ReadMem(4 bytes @ 0xE000ED88)
T73F4 11610:189.987   CPU_WriteMem(4 bytes @ 0xE000ED88)
T73F4 11610:190.844   CPU_ReadMem(4 bytes @ 0xE000ED88)
T73F4 11610:191.759   CPU_WriteMem(4 bytes @ 0xE000ED88)
T73F4 11610:192.626   CoreSight components:
T73F4 11610:192.697   ROMTbl[0] @ E00FF000
T73F4 11610:192.741   CPU_ReadMem(64 bytes @ 0xE00FF000)
T73F4 11610:193.971   CPU_ReadMem(32 bytes @ 0xE000EFE0)
T73F4 11610:195.142   ROMTbl[0][0]: E000E000, CID: B105E00D, PID: 000BB000 SCS
T73F4 11610:195.190   CPU_WriteMem(4 bytes @ 0xE0001000)
T73F4 11610:195.969   CPU_ReadMem(32 bytes @ 0xE0001FE0)
T73F4 11610:197.130   ROMTbl[0][1]: E0001000, CID: B105E00D, PID: 003BB002 DWT
T73F4 11610:197.181   CPU_ReadMem(32 bytes @ 0xE0002FE0)
T73F4 11610:198.140   ROMTbl[0][2]: E0002000, CID: B105E00D, PID: 002BB003 FPB
T73F4 11610:198.189   CPU_ReadMem(32 bytes @ 0xE0000FE0)
T73F4 11610:199.090   ROMTbl[0][3]: E0000000, CID: B105E00D, PID: 003BB001 ITM
T73F4 11610:199.288   CPU_ReadMem(32 bytes @ 0xE0040FE0)
T73F4 11610:200.283   ROMTbl[0][4]: E0040000, CID: B105900D, PID: 000BB9A1 TPIU
T73F4 11610:200.436   JLINK_Reset()
T73F4 11610:200.476     CPU_ReadMem(16 bytes @ 0x20000000)
T73F4 11610:201.462     CPU_WriteMem(16 bytes @ 0x20000000)
T73F4 11610:202.427     CPU_ReadMem(4 bytes @ 0xE000EDFC)
T73F4 11610:203.326     CPU_WriteMem(4 bytes @ 0xE000EDFC)
T73F4 11610:204.172     CPU_ReadMem(4 bytes @ 0xE0001000)
T73F4 11610:204.796     CPU_WriteMem(4 bytes @ 0xE0001004)
T73F4 11610:220.448     CPU_WriteMem(4 bytes @ 0xE000EDFC)
T73F4 11610:221.049     CPU_WriteMem(16 bytes @ 0x20000000)
T73F4 11610:224.758     CPU_WriteMem(4 bytes @ 0xE0002000)
T73F4 11610:225.618     CPU_ReadMem(4 bytes @ 0xE000EDFC)
T73F4 11610:226.451     CPU_ReadMem(4 bytes @ 0xE0001000)
T73F4 11610:227.200   - 26.785ms
T73F4 11610:227.237   JLINK_Go()
T73F4 11610:227.262     CPU_ReadMem(4 bytes @ 0xE0001000)
T73F4 11610:228.072     CPU_WriteMem(4 bytes @ 0xE0001004)
T73F4 11610:229.563   - 2.339ms
T73F4 11610:229.586 - 185.397ms
T73F4 11610:237.923 JLINK_Close()
T73F4 11610:265.405 - 27.508ms
T73F4 11610:265.441   
T73F4 11610:265.457   Closed
